2023-04-25T09:58:02+00:00 INFO Doing Task:set_settings
2023-04-25T09:58:02+00:00 INFO Task Done:set_settings
2023-04-25T09:58:02+00:00 INFO Doing Task:create_default_lists
2023-04-25T09:58:02+00:00 INFO Task Done:create_default_lists
2023-04-25T09:58:02+00:00 INFO Doing Task:create_contacts_and_add_to_list
2023-04-25T09:58:02+00:00 INFO Task Done:create_contacts_and_add_to_list
2023-04-25T09:58:02+00:00 INFO Doing Task:add_default_workflows
2023-04-25T09:58:02+00:00 INFO Task Done:add_default_workflows
2023-04-25T09:58:02+00:00 INFO Doing Task:create_default_newsletter_broadcast
2023-04-25T09:58:02+00:00 INFO Task Done:create_default_newsletter_broadcast
2023-04-25T09:58:02+00:00 INFO Doing Task:create_default_post_notification
2023-04-25T09:58:02+00:00 INFO Task Done:create_default_post_notification
2023-04-25T09:58:02+00:00 INFO Doing Task:create_default_subscription_form
2023-04-25T09:58:02+00:00 INFO Task Done:create_default_subscription_form
2023-04-25T09:58:02+00:00 INFO Doing Task:add_widget_to_sidebar
2023-04-25T09:58:02+00:00 INFO Task Done:add_widget_to_sidebar
2023-04-25T09:58:02+00:00 INFO Doing Task:queue_default_broadcast_newsletter
2023-04-25T09:58:02+00:00 INFO Task Done:queue_default_broadcast_newsletter
2023-04-25T09:58:03+00:00 INFO Doing Task:dispatch_emails_from_server
2023-04-25T09:58:03+00:00 INFO Task Done:dispatch_emails_from_server
2023-04-25T09:58:14+00:00 INFO Doing Task:check_test_email_on_server
2023-04-25T09:58:14+00:00 INFO Task Done:check_test_email_on_server
2023-04-25T09:58:14+00:00 INFO Doing Task:evaluate_email_delivery
2023-04-25T09:58:14+00:00 INFO Task Done:evaluate_email_delivery
2023-04-25T09:58:59+00:00 INFO Doing Task:subscribe_to_es
2023-04-25T09:59:04+00:00 INFO Task Failed:subscribe_to_es
2023-04-25T09:59:04+00:00 INFO Doing Task:save_final_configuration
2023-04-25T09:59:04+00:00 INFO Task Done:save_final_configuration
